<?xml version="1.0" encoding="UTF-8"?>
<!-- Generated by org.testng.reporters.JUnitXMLReporter -->
<testsuite ignored="4" hostname="DESKTOP-PATVT6B" failures="0" tests="4" name="SelectedFirstMethodsTest" time="0.067" errors="0" timestamp="2025-10-07T13:28:43 IST">
  <testcase classname="Shariq_Q1_package_1.ClassA" name="testMethod1" time="0.016"/>
  <testcase classname="Shariq_Q1_package_1.ClassB" name="testMethod1" time="0.002"/>
  <testcase classname="Shariq_Q1_package_2.ClassC" name="testMethod1" time="0.002"/>
  <testcase classname="Shariq_Q1_package_2.ClassD" name="testMethod1" time="0.001"/>
  <testcase classname="Shariq_Q1_package_1.ClassB" name="testMethod2" time="0.0">
    <ignored/>
  </testcase> <!-- testMethod2 -->
  <testcase classname="Shariq_Q1_package_1.ClassA" name="testMethod2" time="0.0">
    <ignored/>
  </testcase> <!-- testMethod2 -->
  <testcase classname="Shariq_Q1_package_2.ClassC" name="testMethod2" time="0.0">
    <ignored/>
  </testcase> <!-- testMethod2 -->
  <testcase classname="Shariq_Q1_package_2.ClassD" name="testMethod2" time="0.0">
    <ignored/>
  </testcase> <!-- testMethod2 -->
</testsuite> <!-- SelectedFirstMethodsTest -->
