<?xml version="1.0" encoding="UTF-8"?>
<testng-results ignored="0" total="3" passed="3" failed="0" skipped="0">
  <reporter-output>
  </reporter-output>
  <suite started-at="2025-10-07T13:57:00 IST" name="Priority Suite" finished-at="2025-10-07T13:57:00 IST" duration-ms="63">
    <groups>
    </groups>
    <test started-at="2025-10-07T13:57:00 IST" name="Priority Test Example" finished-at="2025-10-07T13:57:00 IST" duration-ms="63">
      <class name="Shariq_Q4.PriorityTest">
        <test-method signature="testMethodTwo()[pri:1, instance:Shariq_Q4.PriorityTest@209da20d]" started-at="2025-10-07T13:57:00 IST" name="testMethodTwo" finished-at="2025-10-07T13:57:00 IST" duration-ms="14" status="PASS">
          <reporter-output>
          </reporter-output>
        </test-method> <!-- testMethodTwo -->
        <test-method signature="testMethodOne()[pri:2, instance:Shariq_Q4.PriorityTest@209da20d]" started-at="2025-10-07T13:57:00 IST" name="testMethodOne" finished-at="2025-10-07T13:57:00 IST" duration-ms="2" status="PASS">
          <reporter-output>
          </reporter-output>
        </test-method> <!-- testMethodOne -->
        <test-method signature="testMethodThree()[pri:3, instance:Shariq_Q4.PriorityTest@209da20d]" started-at="2025-10-07T13:57:00 IST" name="testMethodThree" finished-at="2025-10-07T13:57:00 IST" duration-ms="2" status="PASS">
          <reporter-output>
          </reporter-output>
        </test-method> <!-- testMethodThree -->
      </class> <!-- Shariq_Q4.PriorityTest -->
    </test> <!-- Priority Test Example -->
  </suite> <!-- Priority Suite -->
</testng-results>
