<?xml version="1.0" encoding="UTF-8"?>
<!-- Generated by org.testng.reporters.JUnitXMLReporter -->
<testsuite ignored="0" hostname="DESKTOP-PATVT6B" failures="0" tests="3" name="Priority Test Example" time="0.063" errors="0" timestamp="2025-10-07T13:57:00 IST">
  <testcase classname="Shariq_Q4.PriorityTest" name="testMethodTwo" time="0.014"/>
  <testcase classname="Shariq_Q4.PriorityTest" name="testMethodOne" time="0.002"/>
  <testcase classname="Shariq_Q4.PriorityTest" name="testMethodThree" time="0.002"/>
</testsuite> <!-- Priority Test Example -->
