<?xml version="1.0" encoding="UTF-8"?>
<!-- Generated by org.testng.reporters.JUnitXMLReporter -->
<testsuite ignored="1" hostname="DESKTOP-PATVT6B" failures="0" tests="2" name="Enable or Disable test" time="0.056" errors="0" timestamp="2025-10-07T13:49:36 IST">
  <testcase classname="Shariq_Q3.EnableTest" name="testMethodThree" time="0.015"/>
  <testcase classname="Shariq_Q3.EnableTest" name="testMethodTwo" time="0.003"/>
  <testcase classname="Shariq_Q3.EnableTest" name="testMethodOne" time="0.0">
    <ignored/>
  </testcase> <!-- testMethodOne -->
</testsuite> <!-- Enable or Disable test -->
