<?xml version="1.0" encoding="UTF-8"?>
<!-- Generated by org.testng.reporters.JUnitReportReporter -->
<testsuite hostname="DESKTOP-PATVT6B" failures="0" tests="3" name="Shariq_Q4.PriorityTest" time="0.018" errors="0" timestamp="2025-10-07T13:57:01 IST" skipped="0">
  <testcase classname="Shariq_Q4.PriorityTest" name="testMethodTwo" time="0.014"/>
  <system-out/>
  <testcase classname="Shariq_Q4.PriorityTest" name="testMethodOne" time="0.002"/>
  <system-out/>
  <testcase classname="Shariq_Q4.PriorityTest" name="testMethodThree" time="0.002"/>
  <system-out/>
</testsuite> <!-- Shariq_Q4.PriorityTest -->
