<?xml version="1.0" encoding="UTF-8"?>
<!-- Generated by org.testng.reporters.JUnitReportReporter -->
<testsuite hostname="DESKTOP-PATVT6B" failures="0" tests="3" name="Shariq_Q3.EnableTest" time="0.018" errors="0" timestamp="2025-10-07T13:49:36 IST" skipped="1">
  <testcase classname="Shariq_Q3.EnableTest" name="testMethodThree" time="0.015"/>
  <system-out/>
  <testcase classname="Shariq_Q3.EnableTest" name="testMethodTwo" time="0.003"/>
  <system-out/>
  <testcase classname="Shariq_Q3.EnableTest" name="testMethodOne">
    <skipped/>
  </testcase> <!-- testMethodOne -->
  <system-out/>
</testsuite> <!-- Shariq_Q3.EnableTest -->
